[ 2023-04-22 14:12:38,483 ] 27 root - INFO - Data Ingestion methods Starts
[ 2023-04-22 14:12:38,651 ] 30 root - INFO - Dataset read as pandas Dataframe
[ 2023-04-22 14:12:39,881 ] 34 root - INFO - Train test split
[ 2023-04-22 14:12:41,100 ] 40 root - INFO - Ingestion of Data is completed
[ 2023-04-22 14:12:41,305 ] 78 root - INFO - Read train and test data completed
[ 2023-04-22 14:12:41,320 ] 79 root - INFO - Train Dataframe Head : 
       id  carat        cut color clarity  depth  table     x     y     z  price
0   35083   2.01  Very Good     I     VS1   62.0   60.0  7.94  8.03  4.93  17250
1   61629   0.91  Very Good     D     SI2   60.3   57.0  6.29  6.37  3.81   4123
2  173180   0.71      Ideal     D      IF   59.1   59.0  5.81  5.89  3.46   4029
3  140772   1.01    Premium     G    VVS2   59.3   58.0  6.56  6.51  3.89   4751
4  140782   0.55    Premium     G     VS1   60.2   58.0  5.36  5.32  3.21   1619
[ 2023-04-22 14:12:41,330 ] 80 root - INFO - Test Dataframe Head  : 
       id  carat        cut color clarity  depth  table     x     y     z  price
0   88260   0.72       Good     E     VS1   61.8   61.0  5.76  5.66  3.53   3000
1   19128   0.41  Very Good     E     VS1   60.6   57.0  4.78  4.82  2.91   1017
2   58433   0.39      Ideal     G    VVS2   61.4   55.0  4.72  4.76  2.91   1117
3   71341   1.07      Ideal     G     SI1   61.7   57.0  6.57  6.55  4.05   5186
4  189886   0.47      Ideal     E     VS2   62.0   55.0  4.95  5.00  3.09   1425
[ 2023-04-22 14:12:41,330 ] 82 root - INFO - Obtaining preprocessing object
[ 2023-04-22 14:12:41,330 ] 27 root - INFO - Data Transformation initiated
[ 2023-04-22 14:12:41,330 ] 37 root - INFO - Pipeline Initiated
[ 2023-04-22 14:12:41,732 ] 99 root - INFO - Applying preprocessing object on training and testing datasets.
[ 2023-04-22 14:12:41,743 ] 111 root - INFO - Preprocessor pickle file saved
